<?xml version="1.0" encoding="UTF-8"?>
<robot generator="Robot 7.0.1 (Python 3.12.4 on win32)" generated="2024-11-04T16:11:21.832551" rpa="false" schemaversion="5">
<suite id="s1" name="getRobot" source="C:\Users\BVeeraragavan\PycharmProjects\Acxhange\dataDriven\getRobot.robot">
<test id="s1-t1" name="Navi" line="12">
<kw name="Open Browser" owner="SeleniumLibrary">
<msg time="2024-11-04T16:11:22.228874" level="INFO">Opening browser 'chrome' to base url 'https://demo.automationtesting.in/Windows.html'.</msg>
<arg>https://demo.automationtesting.in/Windows.html</arg>
<arg>chrome</arg>
<doc>Opens a new browser instance to the optional ``url``.</doc>
<status status="PASS" start="2024-11-04T16:11:22.228874" elapsed="9.799410"/>
</kw>
<kw name="Sleep" owner="BuiltIn">
<msg time="2024-11-04T16:11:37.029876" level="INFO">Slept 5 seconds.</msg>
<arg>5</arg>
<doc>Pauses the test executed for the given time.</doc>
<status status="PASS" start="2024-11-04T16:11:32.029294" elapsed="5.000582"/>
</kw>
<kw name="Get Text" owner="SeleniumLibrary">
<msg time="2024-11-04T16:11:37.080486" level="INFO">${text} = Open New Tabbed Windows</msg>
<var>${text}</var>
<arg>//*[contains(text(),"Open New Tabbed Windows ")]</arg>
<doc>Returns the text value of the element identified by ``locator``.</doc>
<status status="PASS" start="2024-11-04T16:11:37.029876" elapsed="0.050610"/>
</kw>
<kw name="Log To Console" owner="BuiltIn">
<arg>${text}</arg>
<doc>Logs the given message to the console.</doc>
<status status="PASS" start="2024-11-04T16:11:37.080486" elapsed="0.000000"/>
</kw>
<status status="PASS" start="2024-11-04T16:11:22.228874" elapsed="14.851612"/>
</test>
<status status="PASS" start="2024-11-04T16:11:21.848191" elapsed="15.232295"/>
</suite>
<statistics>
<total>
<stat pass="1" fail="0" skip="0">All Tests</stat>
</total>
<tag>
</tag>
<suite>
<stat pass="1" fail="0" skip="0" id="s1" name="getRobot">getRobot</stat>
</suite>
</statistics>
<errors>
</errors>
</robot>
